2013/06/19 13:49:51 [error] [exception.CDbException] exception 'CDbException' with message 'CDbConnection failed to open the DB connection: could not find driver' in C:\servidor\apps\yii\htdocs\framework\db\CDbConnection.php:381
Stack trace:
#0 C:\servidor\apps\yii\htdocs\framework\db\CDbConnection.php(330): CDbConnection->open()
#1 C:\servidor\apps\yii\htdocs\framework\db\CDbConnection.php(308): CDbConnection->setActive(true)
#2 C:\servidor\apps\yii\htdocs\framework\base\CModule.php(387): CDbConnection->init()
#3 C:\servidor\apps\yii\htdocs\framework\base\CModule.php(103): CModule->getComponent('db')
#4 C:\servidor\apps\yii\htdocs\framework\gii\generators\model\ModelCode.php(57): CModule->__get('db')
#5 C:\servidor\apps\yii\htdocs\framework\web\CFormModel.php(39): ModelCode->init()
#6 C:\servidor\apps\yii\htdocs\framework\gii\CCodeGenerator.php(153): CFormModel->__construct()
#7 C:\servidor\apps\yii\htdocs\framework\gii\CCodeGenerator.php(63): CCodeGenerator->prepare()
#8 C:\servidor\apps\yii\htdocs\framework\web\actions\CInlineAction.php(49): CCodeGenerator->actionIndex()
#9 C:\servidor\apps\yii\htdocs\framework\web\CController.php(308): CInlineAction->runWithParams(Array)
#10 C:\servidor\apps\yii\htdocs\framework\web\CController.php(286): CController->runAction(Object(CInlineAction))
#11 C:\servidor\apps\yii\htdocs\framework\web\CController.php(265): CController->runActionWithFilters(Object(CInlineAction), Array)
#12 C:\servidor\apps\yii\htdocs\framework\web\CWebApplication.php(282): CController->run('')
#13 C:\servidor\apps\yii\htdocs\framework\web\CWebApplication.php(141): CWebApplication->runController('gii/model')
#14 C:\servidor\apps\yii\htdocs\framework\base\CApplication.php(169): CWebApplication->processRequest()
#15 C:\servidor\apache2\htdocs\academico\index.php(13): CApplication->run()
#16 {main}
REQUEST_URI=/academico/index.php?r=gii/model
HTTP_REFERER=http://localhost/academico/index.php?r=gii/default/index
---
2013/06/19 14:09:31 [error] [exception.CHttpException.404] exception 'CHttpException' with message 'Unable to find the code you requested.' in C:\servidor\apps\yii\htdocs\framework\gii\CCodeGenerator.php:90
Stack trace:
#0 C:\servidor\apps\yii\htdocs\framework\web\actions\CInlineAction.php(49): CCodeGenerator->actionCode()
#1 C:\servidor\apps\yii\htdocs\framework\web\CController.php(308): CInlineAction->runWithParams(Array)
#2 C:\servidor\apps\yii\htdocs\framework\web\CController.php(286): CController->runAction(Object(CInlineAction))
#3 C:\servidor\apps\yii\htdocs\framework\web\CController.php(265): CController->runActionWithFilters(Object(CInlineAction), Array)
#4 C:\servidor\apps\yii\htdocs\framework\web\CWebApplication.php(282): CController->run('code')
#5 C:\servidor\apps\yii\htdocs\framework\web\CWebApplication.php(141): CWebApplication->runController('gii/model/code')
#6 C:\servidor\apps\yii\htdocs\framework\base\CApplication.php(169): CWebApplication->processRequest()
#7 C:\servidor\apache2\htdocs\academico\index.php(13): CApplication->run()
#8 {main}
REQUEST_URI=/academico/index.php?r=gii/model/code&id=0
HTTP_REFERER=http://localhost/academico/index.php?r=gii/model
---
2013/06/27 05:58:44 [error] [system.db.CDbCommand] CDbCommand::fetchAll() failed: SQLSTATE[42S02]: Base table or view not found: 1146 Table 'test.horario' doesn't exist. The SQL statement executed was: SHOW FULL COLUMNS FROM `horario`.
in C:\servidor\apache2\htdocs\academico\index.php (13)
2013/06/27 05:59:28 [error] [system.db.CDbCommand] CDbCommand::fetchAll() failed: SQLSTATE[42S02]: Base table or view not found: 1146 Table 'academico.horario' doesn't exist. The SQL statement executed was: SHOW FULL COLUMNS FROM `horario`.
in C:\servidor\apache2\htdocs\academico\index.php (13)
2013/06/27 06:03:00 [error] [exception.CDbException] exception 'CDbException' with message 'CDbConnection failed to open the DB connection: SQLSTATE[42000] [1049] Unknown database 'mady'' in C:\servidor\apps\yii\htdocs\framework\db\CDbConnection.php:381
Stack trace:
#0 C:\servidor\apps\yii\htdocs\framework\db\CDbConnection.php(330): CDbConnection->open()
#1 C:\servidor\apps\yii\htdocs\framework\db\CDbConnection.php(308): CDbConnection->setActive(true)
#2 C:\servidor\apps\yii\htdocs\framework\base\CModule.php(387): CDbConnection->init()
#3 C:\servidor\apps\yii\htdocs\framework\base\CModule.php(103): CModule->getComponent('db')
#4 C:\servidor\apps\yii\htdocs\framework\gii\generators\model\ModelCode.php(57): CModule->__get('db')
#5 C:\servidor\apps\yii\htdocs\framework\web\CFormModel.php(39): ModelCode->init()
#6 C:\servidor\apps\yii\htdocs\framework\gii\CCodeGenerator.php(153): CFormModel->__construct()
#7 C:\servidor\apps\yii\htdocs\framework\gii\CCodeGenerator.php(63): CCodeGenerator->prepare()
#8 C:\servidor\apps\yii\htdocs\framework\web\actions\CInlineAction.php(49): CCodeGenerator->actionIndex()
#9 C:\servidor\apps\yii\htdocs\framework\web\CController.php(308): CInlineAction->runWithParams(Array)
#10 C:\servidor\apps\yii\htdocs\framework\web\CController.php(286): CController->runAction(Object(CInlineAction))
#11 C:\servidor\apps\yii\htdocs\framework\web\CController.php(265): CController->runActionWithFilters(Object(CInlineAction), Array)
#12 C:\servidor\apps\yii\htdocs\framework\web\CWebApplication.php(282): CController->run('')
#13 C:\servidor\apps\yii\htdocs\framework\web\CWebApplication.php(141): CWebApplication->runController('gii/model')
#14 C:\servidor\apps\yii\htdocs\framework\base\CApplication.php(169): CWebApplication->processRequest()
#15 C:\servidor\apache2\htdocs\academico\index.php(13): CApplication->run()
#16 {main}
REQUEST_URI=/academico/index.php?r=gii/model
HTTP_REFERER=http://localhost/academico/index.php?r=gii/model
---
